<?xml version="1.0" encoding="UTF-8"?>
<!-- Generated by org.testng.reporters.JUnitReportReporter -->
<testsuite hostname="DESKTOP-SPPI0K5" failures="0" tests="1" name="testCases.Contact_US_Scenario" time="18.617" errors="0" timestamp="2021-09-15T16:13:42 EDT" skipped="0">
  <testcase classname="testCases.Contact_US_Scenario" name="ContactUs" time="18.617"/>
  <system-out/>
</testsuite> <!-- testCases.Contact_US_Scenario -->
