<?xml version="1.0" encoding="UTF-8"?>
<!-- Generated by org.testng.reporters.JUnitReportReporter -->
<testsuite hostname="DESKTOP-SPPI0K5" failures="0" tests="2" name="testCases.RegisterNewAccount" time="36.389" errors="0" timestamp="2021-09-15T16:13:42 EDT" skipped="0">
  <testcase classname="testCases.RegisterNewAccount" name="CreateAccount" time="17.361"/>
  <system-out/>
  <testcase classname="testCases.RegisterNewAccount" name="CreateAccount" time="19.028"/>
  <system-out/>
</testsuite> <!-- testCases.RegisterNewAccount -->
