<?xml version="1.0" encoding="UTF-8"?>
<!-- Generated by org.testng.reporters.JUnitReportReporter -->
<testsuite skipped="0" hostname="DESKTOP-SPPI0K5" name="testCases.WelcomeTest" tests="1" failures="0" timestamp="2021-09-14T16:29:06 EDT" time="0.001" errors="0">
  <testcase name="demoTest" time="0.001" classname="testCases.WelcomeTest"/>
  <system-out/>
</testsuite> <!-- testCases.WelcomeTest -->
